2019-11-12 10:29:03,661 INFO [root] [app.py(<module>:59)] - hello
2019-11-12 10:29:03,662 WARNING [root] [app.py(<module>:60)] - 危险
2019-11-12 10:52:15,057 INFO [root] [app.py(<module>:59)] - hello
2019-11-12 10:52:15,058 WARNING [root] [app.py(<module>:60)] - 危险
2019-11-12 10:52:15,760 INFO [root] [Test_iHRM_Emp.py(test_add:33)] - 新增员工信息
2019-11-12 10:52:15,877 WARNING [root] [Test_iHRM_Emp.py(test_update:48)] - 修改员工信息
2019-11-12 10:52:16,059 INFO [root] [Test_iHRM_Emp.py(test_get:59)] - 获取员工信息
2019-11-12 10:52:16,175 WARNING [root] [Test_iHRM_Emp.py(test_delete:70)] - 删除员工信息
2019-11-12 10:57:08,610 INFO [root] [app.py(<module>:65)] - hello
2019-11-12 10:57:08,610 WARNING [root] [app.py(<module>:66)] - 危险
2019-11-12 10:57:08,964 INFO [root] [Test_iHRM_Emp.py(test_add:33)] - 新增员工信息
2019-11-12 10:57:08,964 INFO [root] [Test_iHRM_Emp.py(test_add:33)] - 新增员工信息
2019-11-12 10:57:08,991 WARNING [root] [Test_iHRM_Emp.py(test_update:48)] - 修改员工信息
2019-11-12 10:57:08,991 WARNING [root] [Test_iHRM_Emp.py(test_update:48)] - 修改员工信息
2019-11-12 10:57:09,017 INFO [root] [Test_iHRM_Emp.py(test_get:59)] - 获取员工信息
2019-11-12 10:57:09,017 INFO [root] [Test_iHRM_Emp.py(test_get:59)] - 获取员工信息
2019-11-12 10:57:09,040 WARNING [root] [Test_iHRM_Emp.py(test_delete:70)] - 删除员工信息
2019-11-12 10:57:09,040 WARNING [root] [Test_iHRM_Emp.py(test_delete:70)] - 删除员工信息
2019-11-12 11:14:38,032 INFO [root] [Test_iHRM_Emp.py(test_add:33)] - 新增员工信息
2019-11-12 11:14:38,048 WARNING [root] [Test_iHRM_Emp.py(test_update:48)] - 修改员工信息
2019-11-12 11:14:38,079 INFO [root] [Test_iHRM_Emp.py(test_get:59)] - 获取员工信息
2019-11-12 11:14:38,110 WARNING [root] [Test_iHRM_Emp.py(test_delete:70)] - 删除员工信息
